<?xml version="1.0" encoding="UTF-8"?>
<!-- Generated by org.testng.reporters.JUnitReportReporter -->
<testsuite hostname="DESKTOP-V8TS46C" failures="0" tests="1" name="com.mystore.testcases.LoginPageTest" time="21.554" errors="0" timestamp="2022-07-20T23:30:14 IST" skipped="0">
  <testcase classname="com.mystore.testcases.LoginPageTest" name="verifyLoginTest" time="21.554"/>
  <system-out/>
</testsuite> <!-- com.mystore.testcases.LoginPageTest -->
