<?xml version="1.0" encoding="UTF-8"?>
<!-- Generated by org.testng.reporters.JUnitReportReporter -->
<testsuite hostname="DESKTOP-V8TS46C" failures="0" tests="2" name="com.mystore.testcases.IndexPageTest" time="27.958" errors="0" timestamp="2022-07-20T23:30:14 IST" skipped="0">
  <testcase classname="com.mystore.testcases.IndexPageTest" name="verifyMyStoreLogoTest" time="13.112"/>
  <system-out/>
  <testcase classname="com.mystore.testcases.IndexPageTest" name="verifyMyTitle" time="14.846"/>
  <system-out/>
</testsuite> <!-- com.mystore.testcases.IndexPageTest -->
