<?xml version="1.0" encoding="UTF-8"?>
<!-- Generated by org.testng.reporters.JUnitReportReporter -->
<testsuite hostname="DESKTOP-V8TS46C" failures="0" tests="1" name="com.mystore.testcases.OderPageTest" time="31.360" errors="0" timestamp="2022-07-19T22:33:17 IST" skipped="0">
  <testcase classname="com.mystore.testcases.OderPageTest" name="verifyTotalPrice" time="31.360"/>
  <system-out/>
</testsuite> <!-- com.mystore.testcases.OderPageTest -->
