<?xml version="1.0" encoding="UTF-8"?>
<!-- Generated by org.testng.reporters.JUnitReportReporter -->
<testsuite hostname="DESKTOP-V8TS46C" failures="0" tests="1" name="com.mystore.testcases.AccountCreationTest" time="20.579" errors="0" timestamp="2022-07-20T00:44:25 IST" skipped="0">
  <testcase classname="com.mystore.testcases.AccountCreationTest" name="verifyCreateAccountPageTest" time="20.579"/>
  <system-out/>
</testsuite> <!-- com.mystore.testcases.AccountCreationTest -->
