<?xml version="1.0" encoding="UTF-8"?>
<!-- Generated by org.testng.reporters.JUnitReportReporter -->
<testsuite hostname="DESKTOP-V8TS46C" failures="0" tests="1" name="com.mystore.testcases.EndToEndTest" time="49.602" errors="0" timestamp="2022-07-19T22:33:17 IST" skipped="0">
  <testcase classname="com.mystore.testcases.EndToEndTest" name="endToEndTest" time="49.602"/>
  <system-out/>
</testsuite> <!-- com.mystore.testcases.EndToEndTest -->
