<?xml version="1.0" encoding="UTF-8"?>
<!-- Generated by org.testng.reporters.JUnitReportReporter -->
<testsuite hostname="DESKTOP-V8TS46C" failures="0" tests="1" name="com.mystore.testcases.SearchResultPageTest" time="14.212" errors="0" timestamp="2022-07-20T23:30:14 IST" skipped="0">
  <testcase classname="com.mystore.testcases.SearchResultPageTest" name="productAvailablityTest" time="14.212"/>
  <system-out/>
</testsuite> <!-- com.mystore.testcases.SearchResultPageTest -->
